<?xml version="1.0" encoding="UTF-8"?>
<testsuites name="Login" time="49.758" tests="3" failures="0" skips="0" errors="0">
   <testsuite name="Login" tests="3" failures="0" errors="0" time="49.758" skips="0" timestamp="2020-11-30 22:57:44" hostname="Sergio - hpPC" id="Test Suites/Login">
      <properties>
         <property name="deviceName" value=""/>
         <property name="devicePlatform" value=""/>
         <property name="logFolder" value="C:\\Users\\Sergio\\Katalon Studio\\Pruebas\\Reports\\20201130_225735\\Login\\20201130_225736"/>
         <property name="logFiles" value="C:\\Users\\Sergio\\Katalon Studio\\Pruebas\\Reports\\20201130_225735\\Login\\20201130_225736\\execution0.log"/>
         <property name="attachments" value=""/>
         <property name="hostName" value="Sergio - hpPC"/>
         <property name="os" value="Windows 10 64bit"/>
         <property name="katalonVersion" value="null.null"/>
         <property name="browser" value="Chrome 86.0.4240.198"/>
         <property name="hostAddress" value="192.168.1.103"/>
         <property name="sessionId" value="fc580f8eb2f30ec75ccefddb65ec80cf"/>
         <property name="seleniumVersion" value="3.141.59"/>
         <property name="proxyInformation" value="ProxyInformation { proxyOption=NO_PROXY, proxyServerType=HTTP, username=, password=********, proxyServerAddress=, proxyServerPort=0, executionList=&quot;&quot;, isApplyToDesiredCapabilities=true }"/>
         <property name="platform" value="Windows 10"/>
      </properties>
      <testcase name="Test Cases/Login/CorrectLogin" time="18.342" classname="Test Cases/Login/CorrectLogin" status="PASSED">
         <system-out><![CDATA[2020-11-30 22:57:45 - [TEST_CASE][PASSED] - Test Cases/Login/CorrectLogin: Test Cases/Login/CorrectLogin

2020-11-30 22:57:46 - [TEST_STEP][PASSED] - openBrowser("https://s1.demo.opensourcecms.com/wordpress/wp-login.php"): Browser is opened with url: 'https://s1.demo.opensourcecms.com/wordpress/wp-login.php'

2020-11-30 22:57:46 - [MESSAGE][INFO] - Starting 'Chrome' driver

2020-11-30 22:57:46 - [MESSAGE][INFO] - Action delay is set to 0 milliseconds

2020-11-30 22:57:52 - [MESSAGE][PASSED] - Browser is opened with url: 'https://s1.demo.opensourcecms.com/wordpress/wp-login.php'

2020-11-30 22:57:52 - [TEST_STEP][PASSED] - maximizeWindow(): Current window maximized

2020-11-30 22:57:54 - [MESSAGE][PASSED] - Current window maximized

2020-11-30 22:57:54 - [TEST_STEP][PASSED] - click(findTestObject("Login/InputUserName")): Object: 'Object Repository/Login/InputUserName' is clicked on

2020-11-30 22:57:55 - [MESSAGE][PASSED] - Object: 'Object Repository/Login/InputUserName' is clicked on

2020-11-30 22:57:55 - [TEST_STEP][PASSED] - setText(findTestObject("Login/InputUserName"), "opensourcecms"): Text 'opensourcecms' is set on object 'Object Repository/Login/InputUserName'

2020-11-30 22:57:55 - [MESSAGE][PASSED] - Text 'opensourcecms' is set on object 'Object Repository/Login/InputUserName'

2020-11-30 22:57:55 - [TEST_STEP][PASSED] - click(findTestObject("Login/InputPassword")): Object: 'Object Repository/Login/InputPassword' is clicked on

2020-11-30 22:57:55 - [MESSAGE][PASSED] - Object: 'Object Repository/Login/InputPassword' is clicked on

2020-11-30 22:57:55 - [TEST_STEP][PASSED] - setText(findTestObject("Login/InputPassword"), "opensourcecms"): Text 'opensourcecms' is set on object 'Object Repository/Login/InputPassword'

2020-11-30 22:57:55 - [MESSAGE][PASSED] - Text 'opensourcecms' is set on object 'Object Repository/Login/InputPassword'

2020-11-30 22:57:55 - [TEST_STEP][PASSED] - click(findTestObject("Login/ButtonLogin")): Object: 'Object Repository/Login/ButtonLogin' is clicked on

2020-11-30 22:57:58 - [MESSAGE][PASSED] - Object: 'Object Repository/Login/ButtonLogin' is clicked on

2020-11-30 22:57:58 - [TEST_STEP][PASSED] - verifyElementPresent(findTestObject("Main Page/WelcomeMenu"), 5): Object 'Object Repository/Main Page/WelcomeMenu' is present

2020-11-30 22:57:58 - [MESSAGE][PASSED] - Object 'Object Repository/Main Page/WelcomeMenu' is present]]></system-out>
         <system-err><![CDATA[]]></system-err>
      </testcase>
      <testcase name="Test Cases/Login/LoginWithIncorrectPassword" time="15.087" classname="Test Cases/Login/LoginWithIncorrectPassword" status="PASSED">
         <system-out><![CDATA[2020-11-30 22:58:03 - [TEST_CASE][PASSED] - Test Cases/Login/LoginWithIncorrectPassword: Test Cases/Login/LoginWithIncorrectPassword

2020-11-30 22:58:04 - [TEST_STEP][PASSED] - openBrowser("https://s1.demo.opensourcecms.com/wordpress/wp-login.php"): Browser is opened with url: 'https://s1.demo.opensourcecms.com/wordpress/wp-login.php'

2020-11-30 22:58:04 - [MESSAGE][WARNING] - A browser is already opened. Closing browser and opening a new one

2020-11-30 22:58:04 - [MESSAGE][INFO] - Starting 'Chrome' driver

2020-11-30 22:58:04 - [MESSAGE][INFO] - Action delay is set to 0 milliseconds

2020-11-30 22:58:09 - [MESSAGE][PASSED] - Browser is opened with url: 'https://s1.demo.opensourcecms.com/wordpress/wp-login.php'

2020-11-30 22:58:09 - [TEST_STEP][PASSED] - maximizeWindow(): Current window maximized

2020-11-30 22:58:12 - [MESSAGE][PASSED] - Current window maximized

2020-11-30 22:58:12 - [TEST_STEP][PASSED] - click(findTestObject("Login/InputUserName")): Object: 'Object Repository/Login/InputUserName' is clicked on

2020-11-30 22:58:12 - [MESSAGE][PASSED] - Object: 'Object Repository/Login/InputUserName' is clicked on

2020-11-30 22:58:12 - [TEST_STEP][PASSED] - setText(findTestObject("Login/InputUserName"), "opensourcecms"): Text 'opensourcecms' is set on object 'Object Repository/Login/InputUserName'

2020-11-30 22:58:12 - [MESSAGE][PASSED] - Text 'opensourcecms' is set on object 'Object Repository/Login/InputUserName'

2020-11-30 22:58:12 - [TEST_STEP][PASSED] - click(findTestObject("Login/InputPassword")): Object: 'Object Repository/Login/InputPassword' is clicked on

2020-11-30 22:58:12 - [MESSAGE][PASSED] - Object: 'Object Repository/Login/InputPassword' is clicked on

2020-11-30 22:58:12 - [TEST_STEP][PASSED] - setText(findTestObject("Login/InputPassword"), "opensourcecm"): Text 'opensourcecm' is set on object 'Object Repository/Login/InputPassword'

2020-11-30 22:58:12 - [MESSAGE][PASSED] - Text 'opensourcecm' is set on object 'Object Repository/Login/InputPassword'

2020-11-30 22:58:12 - [TEST_STEP][PASSED] - click(findTestObject("Login/ButtonLogin")): Object: 'Object Repository/Login/ButtonLogin' is clicked on

2020-11-30 22:58:13 - [MESSAGE][PASSED] - Object: 'Object Repository/Login/ButtonLogin' is clicked on

2020-11-30 22:58:13 - [TEST_STEP][PASSED] - verifyElementPresent(findTestObject("Error User/InvalidUser"), 3): Object 'Object Repository/Error User/InvalidUser' is present

2020-11-30 22:58:13 - [MESSAGE][PASSED] - Object 'Object Repository/Error User/InvalidUser' is present]]></system-out>
         <system-err><![CDATA[]]></system-err>
      </testcase>
      <testcase name="Test Cases/Login/LoginWithIncorretUserName" time="15.253" classname="Test Cases/Login/LoginWithIncorretUserName" status="PASSED">
         <system-out><![CDATA[2020-11-30 22:58:19 - [TEST_CASE][PASSED] - Test Cases/Login/LoginWithIncorretUserName: Test Cases/Login/LoginWithIncorretUserName

2020-11-30 22:58:19 - [TEST_STEP][PASSED] - openBrowser("https://s1.demo.opensourcecms.com/wordpress/wp-login.php"): Browser is opened with url: 'https://s1.demo.opensourcecms.com/wordpress/wp-login.php'

2020-11-30 22:58:19 - [MESSAGE][WARNING] - A browser is already opened. Closing browser and opening a new one

2020-11-30 22:58:19 - [MESSAGE][INFO] - Starting 'Chrome' driver

2020-11-30 22:58:19 - [MESSAGE][INFO] - Action delay is set to 0 milliseconds

2020-11-30 22:58:25 - [MESSAGE][PASSED] - Browser is opened with url: 'https://s1.demo.opensourcecms.com/wordpress/wp-login.php'

2020-11-30 22:58:25 - [TEST_STEP][PASSED] - maximizeWindow(): Current window maximized

2020-11-30 22:58:27 - [MESSAGE][PASSED] - Current window maximized

2020-11-30 22:58:27 - [TEST_STEP][PASSED] - click(findTestObject("Login/InputUserName")): Object: 'Object Repository/Login/InputUserName' is clicked on

2020-11-30 22:58:27 - [MESSAGE][PASSED] - Object: 'Object Repository/Login/InputUserName' is clicked on

2020-11-30 22:58:27 - [TEST_STEP][PASSED] - setText(findTestObject("Login/InputUserName"), "opensourcecm"): Text 'opensourcecm' is set on object 'Object Repository/Login/InputUserName'

2020-11-30 22:58:27 - [MESSAGE][PASSED] - Text 'opensourcecm' is set on object 'Object Repository/Login/InputUserName'

2020-11-30 22:58:27 - [TEST_STEP][PASSED] - click(findTestObject("Login/InputPassword")): Object: 'Object Repository/Login/InputPassword' is clicked on

2020-11-30 22:58:27 - [MESSAGE][PASSED] - Object: 'Object Repository/Login/InputPassword' is clicked on

2020-11-30 22:58:27 - [TEST_STEP][PASSED] - setText(findTestObject("Login/InputPassword"), "opensourcecms"): Text 'opensourcecms' is set on object 'Object Repository/Login/InputPassword'

2020-11-30 22:58:28 - [MESSAGE][PASSED] - Text 'opensourcecms' is set on object 'Object Repository/Login/InputPassword'

2020-11-30 22:58:28 - [TEST_STEP][PASSED] - click(findTestObject("Login/ButtonLogin")): Object: 'Object Repository/Login/ButtonLogin' is clicked on

2020-11-30 22:58:29 - [MESSAGE][PASSED] - Object: 'Object Repository/Login/ButtonLogin' is clicked on

2020-11-30 22:58:29 - [TEST_STEP][PASSED] - verifyElementPresent(findTestObject("Error User/InvalidUser"), 3): Object 'Object Repository/Error User/InvalidUser' is present

2020-11-30 22:58:29 - [MESSAGE][PASSED] - Object 'Object Repository/Error User/InvalidUser' is present]]></system-out>
         <system-err><![CDATA[]]></system-err>
      </testcase>
      <system-out><![CDATA[2020-11-30 22:57:44 - [TEST_SUITE][INCOMPLETE] - Login: null]]></system-out>
      <system-err><![CDATA[2020-11-30 22:57:44 - [TEST_SUITE][INCOMPLETE] - Login: null]]></system-err>
   </testsuite>
</testsuites>
